<?xml version="1.0" encoding="UTF-8"?>
<!-- Generated by org.testng.reporters.JUnitReportReporter -->
<testsuite hostname="MacGouYulingdeMacBook-Pro.local" name="com.autotest.selenium.sampleBaidu" tests="1" failures="0" timestamp="1 Aug 2019 06:26:26 GMT" time="11.292" errors="0">
  <testcase name="f" time="11.292" classname="com.autotest.selenium.sampleBaidu"/>
</testsuite> <!-- com.autotest.selenium.sampleBaidu -->
